<?xml version="1.0" encoding="UTF-8"?>
<testsuite name="com.app.kata.service.BookServiceTest" tests="8" skipped="0" failures="0" errors="0" timestamp="2025-04-24T20:08:39" hostname="DESKTOP-DLSSTBH" time="0.727">
  <properties/>
  <testcase name="deleteBooking_NotFound()" classname="com.app.kata.service.BookServiceTest" time="0.624"/>
  <testcase name="updateBooking_NotFound()" classname="com.app.kata.service.BookServiceTest" time="0.009"/>
  <testcase name="getBooking_Success()" classname="com.app.kata.service.BookServiceTest" time="0.018"/>
  <testcase name="deleteBooking_Success()" classname="com.app.kata.service.BookServiceTest" time="0.041"/>
  <testcase name="createBooking_Success()" classname="com.app.kata.service.BookServiceTest" time="0.007"/>
  <testcase name="createBooking_EventFull()" classname="com.app.kata.service.BookServiceTest" time="0.006"/>
  <testcase name="updateBooking_Success()" classname="com.app.kata.service.BookServiceTest" time="0.007"/>
  <testcase name="getAllBookings_Success()" classname="com.app.kata.service.BookServiceTest" time="0.007"/>
  <system-out><![CDATA[]]></system-out>
  <system-err><![CDATA[]]></system-err>
</testsuite>
